
# 31.3s user time, 100ms system time, 34.83M rss, 42.37M vsz
# Current date: Tue Sep 17 05:20:53 2024
# Hostname: isucon11q
# Files: slow09170513.log
# Overall: 314.33k total, 96 unique, 4.14k QPS, 2.24x concurrency ________
# Time range: 2024-09-17 05:12:28 to 05:13:44
# Attribute          total     min     max     avg     95%  stddev  median
# ============     ======= ======= ======= ======= ======= ======= =======
# Exec time           170s       0   175ms   540us     3ms     2ms    33us
# Lock time             5s       0    79ms    15us    20us   249us       0
# Rows sent          2.64M       0   1.55k    8.79    0.99   78.76       0
# Rows examine       2.59M       0   1.55k    8.63       0   77.81       0
# Rows affecte      68.98k       0     618    0.22    0.99    1.13       0
# Bytes sent       666.09M       0 250.02k   2.17k  621.67  15.06k   12.54
# Query size        28.78M       6 790.36k   96.01  258.32   1.51k   31.70
# Boolean:
# QC hit         6% yes,  93% no

# Profile
# Rank Query ID                            Response time Calls  R/Call V/M
# ==== =================================== ============= ====== ====== ===
#    1 0xFFFCA4D67EA0A788813031B8BBC3B329  57.1346 33.6%   7935 0.0072  0.00 COMMIT
#    2 0xB8B32624C3268C0925657C305C0ED778  31.4626 18.5%  69850 0.0005  0.01 INSERT isu_condition
#    3 0x931A992E852C61FC6D46141A39DEF4FE  29.8508 17.6%   5536 0.0054  0.01 SELECT isu_condition
#    4 0xDA556F9115773A1A99AA0165670CE848  26.1089 15.4%  99371 0.0003  0.00 ADMIN PREPARE
#    5 0x9C6C682008AE0D08F3E2A0049B030C70  12.6759  7.5%   1723 0.0074  0.01 SELECT isu_condition
#    6 0x5F580A12ADA1633C9634298BE5BD9422   4.0477  2.4%    511 0.0079  0.01 SELECT isu_condition
#    7 0x1E561CE87F050ED58A7E1A7FBB6C2285   1.6777  1.0%   7086 0.0002  0.00 SELECT isu
# MISC 0xMISC                               6.9702  4.1% 122320 0.0001   0.0 <89 ITEMS>

# Query 1: 130.08 QPS, 0.94x concurrency, ID 0xFFFCA4D67EA0A788813031B8BBC3B329 at byte 87841378
# Scores: V/M = 0.00
# Time range: 2024-09-17 05:12:43 to 05:13:44
# Attribute    pct   total     min     max     avg     95%  stddev  median
# ============ === ======= ======= ======= ======= ======= ======= =======
# Count          2    7935
# Exec time     33     57s     4us   121ms     7ms    16ms     5ms     6ms
# Lock time      0       0       0       0       0       0       0       0
# Rows sent      0       0       0       0       0       0       0       0
# Rows examine   0       0       0       0       0       0       0       0
# Rows affecte   0       0       0       0       0       0       0       0
# Bytes sent     0  85.24k      11      11      11      11       0      11
# Query size     0  46.49k       6       6       6       6       0       6
# String:
# Databases    isucondition
# Hosts        localhost
# Users        isucon
# Query_time distribution
#   1us  #
#  10us  ####
# 100us  #
#   1ms  ################################################################
#  10ms  #####################
# 100ms  #
#    1s
#  10s+
COMMIT\G

# Query 2: 1.16k QPS, 0.52x concurrency, ID 0xB8B32624C3268C0925657C305C0ED778 at byte 106207472
# Scores: V/M = 0.01
# Time range: 2024-09-17 05:12:44 to 05:13:44
# Attribute    pct   total     min     max     avg     95%  stddev  median
# ============ === ======= ======= ======= ======= ======= ======= =======
# Count         22   69850
# Exec time     18     31s    23us    42ms   450us     2ms     2ms    54us
# Lock time     77      4s     5us    22ms    53us    63us   358us    13us
# Rows sent      0       0       0       0       0       0       0       0
# Rows examine   0       0       0       0       0       0       0       0
# Rows affecte  98  68.21k       1       1       1       1       0       1
# Bytes sent     0 891.58k      13      14   13.07   13.83    0.33   12.54
# Query size    59  17.13M     233     302  257.12  271.23   15.24  246.02
# String:
# Databases    isucondition
# Hosts        localhost
# Users        isucon
# Query_time distribution
#   1us
#  10us  ################################################################
# 100us  ###############
#   1ms  ######
#  10ms  #
# 100ms
#    1s
#  10s+
# Tables
#    SHOW TABLE STATUS FROM `isucondition` LIKE 'isu_condition'\G
#    SHOW CREATE TABLE `isucondition`.`isu_condition`\G
INSERT INTO `isu_condition`	(`jia_isu_uuid`, `timestamp`, `is_sitting`, `condition`, `message`)	VALUES ('d21ee707-3e74-44b6-86ff-8d5ee50ff3bf', '2021-08-30 17:43:02', 0, 'is_dirty=false,is_overweight=false,is_broken=false', 'これからもいっしょだよ！')\G

# Query 3: 90.75 QPS, 0.49x concurrency, ID 0x931A992E852C61FC6D46141A39DEF4FE at byte 96475105
# Scores: V/M = 0.01
# Time range: 2024-09-17 05:12:43 to 05:13:44
# Attribute    pct   total     min     max     avg     95%  stddev  median
# ============ === ======= ======= ======= ======= ======= ======= =======
# Count          1    5536
# Exec time     17     30s    11us   124ms     5ms    20ms     9ms     2ms
# Lock time      9   444ms       0    11ms    80us   103us   496us    13us
# Rows sent     60   1.59M       0   1.55k  301.30   1.14k  373.76  118.34
# Rows examine  60   1.55M       0   1.55k  294.44   1.09k  367.42  118.34
# Rows affecte   0       0       0       0       0       0       0       0
# Bytes sent    37 248.46M     589 250.02k  45.96k 174.27k  56.82k  17.59k
# Query size     2 621.72k     115     115     115     115       0     115
# Boolean:
# QC hit         2% yes,  97% no
# String:
# Databases    isucondition
# Hosts        localhost
# Users        isucon
# Query_time distribution
#   1us
#  10us  ####
# 100us  #####################################################
#   1ms  ################################################################
#  10ms  ##########################
# 100ms  #
#    1s
#  10s+
# Tables
#    SHOW TABLE STATUS FROM `isucondition` LIKE 'isu_condition'\G
#    SHOW CREATE TABLE `isucondition`.`isu_condition`\G
# EXPLAIN /*!50100 PARTITIONS*/
SELECT * FROM `isu_condition` WHERE `jia_isu_uuid` = '6190fbcd-7fee-4649-9bb9-a7f327978e8c' ORDER BY timestamp DESC\G

# Query 4: 1.53k QPS, 0.40x concurrency, ID 0xDA556F9115773A1A99AA0165670CE848 at byte 70986688
# Scores: V/M = 0.00
# Time range: 2024-09-17 05:12:39 to 05:13:44
# Attribute    pct   total     min     max     avg     95%  stddev  median
# ============ === ======= ======= ======= ======= ======= ======= =======
# Count         31   99371
# Exec time     15     26s    19us    28ms   262us     1ms   909us    44us
# Lock time      0       0       0       0       0       0       0       0
# Rows sent      0       0       0       0       0       0       0       0
# Rows examine   0       0       0       0       0       0       0       0
# Rows affecte   0       0       0       0       0       0       0       0
# Bytes sent     2  19.51M      52     681  205.89  621.67  153.21  158.58
# Query size     9   2.84M      30      30      30      30       0      30
# String:
# Databases    isucondition
# Hosts        localhost
# Users        isucon
# Query_time distribution
#   1us
#  10us  ################################################################
# 100us  #############
#   1ms  ####
#  10ms  #
# 100ms
#    1s
#  10s+
administrator command: Prepare\G

# Query 5: 28.25 QPS, 0.21x concurrency, ID 0x9C6C682008AE0D08F3E2A0049B030C70 at byte 87315972
# Scores: V/M = 0.01
# Time range: 2024-09-17 05:12:43 to 05:13:44
# Attribute    pct   total     min     max     avg     95%  stddev  median
# ============ === ======= ======= ======= ======= ======= ======= =======
# Count          0    1723
# Exec time      7     13s    97us    85ms     7ms    23ms     9ms     4ms
# Lock time      4   193ms     8us    17ms   112us    98us   832us    14us
# Rows sent     25 700.29k       0   1.37k  416.19  964.41  296.56  346.17
# Rows examine  26 700.29k       0   1.37k  416.19  964.41  296.56  346.17
# Rows affecte   0       0       0       0       0       0       0       0
# Bytes sent    16 107.39M     589 220.42k  63.82k 150.54k  46.21k  51.46k
# Query size     0 264.17k     157     157     157     157       0     157
# String:
# Databases    isucondition
# Hosts        localhost
# Users        isucon
# Query_time distribution
#   1us
#  10us  #
# 100us  #########################
#   1ms  ################################################################
#  10ms  ###############################
# 100ms
#    1s
#  10s+
# Tables
#    SHOW TABLE STATUS FROM `isucondition` LIKE 'isu_condition'\G
#    SHOW CREATE TABLE `isucondition`.`isu_condition`\G
# EXPLAIN /*!50100 PARTITIONS*/
SELECT * FROM `isu_condition` WHERE `jia_isu_uuid` = 'faaf2e77-80f6-4462-85f2-4bc74d3a75b9'	AND `timestamp` < '2021-08-26 12:43:32'	ORDER BY `timestamp` DESC\G

# Query 6: 8.52 QPS, 0.07x concurrency, ID 0x5F580A12ADA1633C9634298BE5BD9422 at byte 87317952
# Scores: V/M = 0.01
# Time range: 2024-09-17 05:12:43 to 05:13:43
# Attribute    pct   total     min     max     avg     95%  stddev  median
# ============ === ======= ======= ======= ======= ======= ======= =======
# Count          0     511
# Exec time      2      4s    18us    95ms     8ms    26ms     9ms     5ms
# Lock time      0    34ms       0    11ms    66us    89us   536us    13us
# Rows sent     12 340.03k       6   1.42k  681.39   1.20k  338.95  621.67
# Rows examine  12 339.67k       0   1.42k  680.67   1.20k  340.23  621.67
# Rows affecte   0       0       0       0       0       0       0       0
# Bytes sent     7  51.97M   1.48k 228.29k 104.14k 182.98k  52.29k  97.04k
# Query size     0  57.89k     116     116     116     116       0     116
# Boolean:
# QC hit         1% yes,  98% no
# String:
# Databases    isucondition
# Hosts        localhost
# Users        isucon
# Query_time distribution
#   1us
#  10us  #
# 100us  ##########
#   1ms  ################################################################
#  10ms  ###########################
# 100ms
#    1s
#  10s+
# Tables
#    SHOW TABLE STATUS FROM `isucondition` LIKE 'isu_condition'\G
#    SHOW CREATE TABLE `isucondition`.`isu_condition`\G
# EXPLAIN /*!50100 PARTITIONS*/
SELECT * FROM `isu_condition` WHERE `jia_isu_uuid` = 'ea00247d-37e3-4624-aaf7-d8d9667ae5b2' ORDER BY `timestamp` ASC\G

# Query 7: 116.16 QPS, 0.03x concurrency, ID 0x1E561CE87F050ED58A7E1A7FBB6C2285 at byte 74274024
# Scores: V/M = 0.00
# Time range: 2024-09-17 05:12:43 to 05:13:44
# Attribute    pct   total     min     max     avg     95%  stddev  median
# ============ === ======= ======= ======= ======= ======= ======= =======
# Count          2    7086
# Exec time      0      2s    13us    27ms   236us   799us     1ms    31us
# Lock time      0    12ms       0     3ms     1us       0    57us       0
# Rows sent      0   6.92k       1       1       1       1       0       1
# Rows examine   0     157       0       1    0.02       0    0.15       0
# Rows affecte   0       0       0       0       0       0       0       0
# Bytes sent     0 491.31k      71      71      71      71       0      71
# Query size     2 608.95k      88      88      88      88       0      88
# Boolean:
# QC hit        97% yes,   2% no
# String:
# Databases    isucondition
# Hosts        localhost
# Users        isucon
# Query_time distribution
#   1us
#  10us  ################################################################
# 100us  #########
#   1ms  ###
#  10ms  #
# 100ms
#    1s
#  10s+
# Tables
#    SHOW TABLE STATUS FROM `isucondition` LIKE 'isu'\G
#    SHOW CREATE TABLE `isucondition`.`isu`\G
# EXPLAIN /*!50100 PARTITIONS*/
SELECT COUNT(*) FROM `isu` WHERE `jia_isu_uuid` = '7df4e45e-27db-4d10-af3b-2ee8c55e3dad'\G
